<?xml version="1.0" encoding="UTF-8"?>
<testsuite name="AppTest" tests="1" skipped="0" failures="0" errors="0" timestamp="2021-04-07T09:57:05" hostname="pop-os" time="0.179">
  <properties/>
  <testcase name="testAppHasAGreeting" classname="AppTest" time="0.179"/>
  <system-out><![CDATA[Working directory: /home/nwags/Revature/project_zero
.n2p found at: /home/nwags/Revature/project_zero/.n2p
]]></system-out>
  <system-err><![CDATA[]]></system-err>
</testsuite>
